  ADDR  |  HEX  |      BINARY      |  LN  |  ASSEMBLY
        |       |                  |    1 | ; Project: Simple Hello World.
        |       |                  |    2 | ; Author: Corentin Pinato
        |       |                  |    3 | ;
        |       |                  |    4 | ;-----------------------------------
        |       |                  |    5 | .ORIG x3000                                 ; this is the address in memory where the program will be loaded
        |       |                  |    6 | ;-----------------------------------
        |       |                  |    7 | WELCOME_STR
 x3000  | xE1FF | 1110000111111111 |    8 |   LEA R0, WELCOME_STR                       ; load the address of the HELLO_STR string into R0
 x3001  | xF022 | 1111000000100010 |    9 |   PUTS                                      ; output the string pointed to by R0 to the console
 x3002  | xF020 | 1111000000100000 |   10 |   GETC                                      ; get input from keyboard and load into R0
 x3003  | x0E0E | 0000111000001110 |   11 |   BRnzp MAIN                                ; branch onto MAIN on any input
 x3004  | x0048 | 0000000001001000 |   12 | WELCOME_STR .STRINGZ "Hello World!\n"       ; store this string here in the program
        | x0065 | 0000000001100101 |      |
        | x006C | 0000000001101100 |      |
        | x006C | 0000000001101100 |      |
        | x006F | 0000000001101111 |      |
        | x0020 | 0000000000100000 |      |
        | x0057 | 0000000001010111 |      |
        | x006F | 0000000001101111 |      |
        | x0072 | 0000000001110010 |      |
        | x006C | 0000000001101100 |      |
        | x0064 | 0000000001100100 |      |
        | x0021 | 0000000000100001 |      |
        | x000A | 0000000000001010 |      |
        | x0000 | 0000000000000000 |      |
        |       |                  |   13 | 
        |       |                  |   14 | MAIN
 x3012  | xE002 | 1110000000000010 |   15 |   LEA R0, MESSAGE_STR                       ; load the address of the MESSAGE_STR string into R0
 x3013  | xF022 | 1111000000100010 |   16 |   PUTS                                      ; output the string pointed to by R0 to the console
 x3014  | xF025 | 1111000000100101 |   17 |   HALT                                      ; halt program
 x3015  | x0054 | 0000000001010100 |   18 | MESSAGE_STR .STRINGZ "This is a message\n"  ; store this string here in the program
        | x0068 | 0000000001101000 |      |
        | x0069 | 0000000001101001 |      |
        | x0073 | 0000000001110011 |      |
        | x0020 | 0000000000100000 |      |
        | x0069 | 0000000001101001 |      |
        | x0073 | 0000000001110011 |      |
        | x0020 | 0000000000100000 |      |
        | x0061 | 0000000001100001 |      |
        | x0020 | 0000000000100000 |      |
        | x006D | 0000000001101101 |      |
        | x0065 | 0000000001100101 |      |
        | x0073 | 0000000001110011 |      |
        | x0073 | 0000000001110011 |      |
        | x0061 | 0000000001100001 |      |
        | x0067 | 0000000001100111 |      |
        | x0065 | 0000000001100101 |      |
        | x000A | 0000000000001010 |      |
        | x0000 | 0000000000000000 |      |
        |       |                  |   19 | .END                                        ; mark the end of the file
